Arguments: 
  D:\nodejs\node.exe C:\Users\Rlverside\AppData\Roaming\npm\node_modules\yarn\bin\yarn.js install

PATH: 
  C:\Windows\system32;C:\Windows;C:\Windows\System32\Wbem;C:\Windows\System32\WindowsPowerShell\v1.0\;C:\Windows\System32\OpenSSH\;C:\Program Files (x86)\NVIDIA Corporation\PhysX\Common;C:\Program Files\NVIDIA Corporation\NVIDIA NvDLISR;D:\Git\cmd;D:\nodejs\;C:\Users\Rlverside\AppData\Local\Microsoft\WindowsApps;C:\Program Files\Bandizip\;D:\Microsoft VS Code\bin;C:\Users\Rlverside\AppData\Roaming\npm

Yarn version: 
  1.22.10

Node version: 
  14.16.0

Platform: 
  win32 x64

Trace: 
  Error: https://registry.yarnpkg.com/_boolean: Not found
      at Request.params.callback [as _callback] (C:\Users\Rlverside\AppData\Roaming\npm\node_modules\yarn\lib\cli.js:66988:18)
      at Request.self.callback (C:\Users\Rlverside\AppData\Roaming\npm\node_modules\yarn\lib\cli.js:140662:22)
      at Request.emit (events.js:315:20)
      at Request.<anonymous> (C:\Users\Rlverside\AppData\Roaming\npm\node_modules\yarn\lib\cli.js:141634:10)
      at Request.emit (events.js:315:20)
      at IncomingMessage.<anonymous> (C:\Users\Rlverside\AppData\Roaming\npm\node_modules\yarn\lib\cli.js:141556:12)
      at Object.onceWrapper (events.js:421:28)
      at IncomingMessage.emit (events.js:327:22)
      at endReadableNT (internal/streams/readable.js:1327:12)
      at processTicksAndRejections (internal/process/task_queues.js:80:21)

npm manifest: 
  {
    "name": "electron",
    "version": "1.0.0",
    "main": "index.js",
    "scripts": {
      "test": "echo \"Error: no test specified\" && exit 1",
      "start": "electron .",
      "package": "electron-packager ./ nga-electron --platform=win32 --arch=x64 --electron-version=13.1.2 --out=./ --overwrite",
      "distWin": "electron-builder --win --x64",
      "distMac": "electron-builder --mac --x64"
    },
    "author": "",
    "license": "ISC",
    "build":{
      "appId":"myAppId",
      "copyright":"Rlverside",
      "productName":"myApp",
      "mac":{
        "target":[
          "dmg",
          "zip"
        ]
      },
      "win": {
        "target": [
          "nsis",
          "zip"
        ]
      }
    },
    "devDependencies": {
      "electron": "^13.1.2",
      "electron-builder": "^22.11.7",
      "electron-packager": "^15.2.0"
    },
    "dependencies": {
      "_boolean@3.1.2@boolean": "^3.1.2",
      "_buffer-crc32@0.2.13@buffer-crc32": "^0.2.13",
      "_buffer-from@1.1.1@buffer-from": "^1.1.1",
      "_cacheable-request@6.1.0@cacheable-request": "^6.1.0",
      "_clone-response@1.0.2@clone-response": "^1.0.2",
      "_concat-stream@1.6.2@concat-stream": "^1.6.2",
      "_config-chain@1.1.13@config-chain": "^1.1.13",
      "_core-js@3.14.0@core-js": "^3.14.0",
      "_core-util-is@1.0.2@core-util-is": "^1.0.2",
      "_debug@2.6.9@debug": "^2.6.9",
      "_debug@4.3.1@debug": "^4.3.1",
      "_decompress-response@3.3.0@decompress-response": "^3.3.0",
      "_defer-to-connect@1.1.3@defer-to-connect": "^1.1.3",
      "_define-properties@1.1.3@define-properties": "^1.1.3",
      "_detect-node@2.1.0@detect-node": "^2.1.0",
      "_duplexer3@0.1.4@duplexer3": "^0.1.4",
      "_electron@13.1.2@electron": "^13.1.2",
      "_encodeurl@1.0.2@encodeurl": "^1.0.2",
      "_end-of-stream@1.4.4@end-of-stream": "^1.4.4",
      "_env-paths@2.2.1@env-paths": "^2.2.1",
      "_es6-error@4.1.1@es6-error": "^4.1.1",
      "_escape-string-regexp@4.0.0@escape-string-regexp": "^4.0.0",
      "_extract-zip@1.7.0@extract-zip": "^1.7.0",
      "_fd-slicer@1.1.0@fd-slicer": "^1.1.0",
      "_fs-extra@8.1.0@fs-extra": "^8.1.0",
      "_get-stream@4.1.0@get-stream": "^4.1.0",
      "_get-stream@5.2.0@get-stream": "^5.2.0",
      "_global-agent@2.2.0@global-agent": "^2.2.0",
      "_global-tunnel-ng@2.7.1@global-tunnel-ng": "^2.7.1",
      "_globalthis@1.0.2@globalthis": "^1.0.2",
      "_got@9.6.0@got": "^9.6.0",
      "_graceful-fs@4.2.6@graceful-fs": "^4.2.6",
      "_http-cache-semantics@4.1.0@http-cache-semantics": "^4.1.0",
      "_inherits@2.0.4@inherits": "^2.0.4",
      "_ini@1.3.8@ini": "^1.3.8",
      "_isarray@1.0.0@isarray": "^1.0.0",
      "_json-buffer@3.0.0@json-buffer": "^3.0.0",
      "_json-stringify-safe@5.0.1@json-stringify-safe": "^5.0.1",
      "_jsonfile@4.0.0@jsonfile": "^4.0.0",
      "_keyv@3.1.0@keyv": "^3.1.0",
      "_lodash@4.17.21@lodash": "^4.17.21",
      "_lowercase-keys@1.0.1@lowercase-keys": "^1.0.1",
      "_lowercase-keys@2.0.0@lowercase-keys": "^2.0.0",
      "_lru-cache@6.0.0@lru-cache": "^6.0.0",
      "_matcher@3.0.0@matcher": "^3.0.0",
      "_mimic-response@1.0.1@mimic-response": "^1.0.1",
      "_minimist@1.2.5@minimist": "^1.2.5",
      "_mkdirp@0.5.5@mkdirp": "^0.5.5",
      "_ms@2.0.0@ms": "^2.0.0",
      "_ms@2.1.2@ms": "^2.1.2",
      "_normalize-url@4.5.1@normalize-url": "^4.5.1",
      "_npm-conf@1.1.3@npm-conf": "^1.1.3",
      "_object-keys@1.1.1@object-keys": "^1.1.1",
      "_once@1.4.0@once": "^1.4.0",
      "_p-cancelable@1.1.0@p-cancelable": "^1.1.0",
      "_pend@1.2.0@pend": "^1.2.0",
      "_pify@3.0.0@pify": "^3.0.0",
      "_prepend-http@2.0.0@prepend-http": "^2.0.0",
      "_process-nextick-args@2.0.1@process-nextick-args": "^2.0.1",
      "_progress@2.0.3@progress": "^2.0.3",
      "_proto-list@1.2.4@proto-list": "^1.2.4",
      "_pump@3.0.0@pump": "^3.0.0",
      "_readable-stream@2.3.7@readable-stream": "^2.3.7",
      "_responselike@1.0.2@responselike": "^1.0.2",
      "_roarr@2.15.4@roarr": "^2.15.4",
      "_safe-buffer@5.1.2@safe-buffer": "^5.1.2",
      "_semver-compare@1.0.0@semver-compare": "^1.0.0",
      "_semver@6.3.0@semver": "^6.3.0",
      "_semver@7.3.5@semver": "^7.3.5",
      "_serialize-error@7.0.1@serialize-error": "^7.0.1",
      "_sprintf-js@1.1.2@sprintf-js": "^1.1.2",
      "_string_decoder@1.1.1@string_decoder": "^1.1.1",
      "_sumchecker@3.0.1@sumchecker": "^3.0.1",
      "_to-readable-stream@1.0.0@to-readable-stream": "^1.0.0",
      "_tunnel@0.0.6@tunnel": "^0.0.6",
      "_type-fest@0.13.1@type-fest": "^0.13.1",
      "_typedarray@0.0.6@typedarray": "^0.0.6",
      "_universalify@0.1.2@universalify": "^0.1.2",
      "_url-parse-lax@3.0.0@url-parse-lax": "^3.0.0",
      "_util-deprecate@1.0.2@util-deprecate": "^1.0.2",
      "_wrappy@1.0.2@wrappy": "^1.0.2",
      "_yallist@4.0.0@yallist": "^4.0.0",
      "_yauzl@2.10.0@yauzl": "^2.10.0",
      "boolean": "^3.1.2",
      "buffer-crc32": "^0.2.13",
      "buffer-from": "^1.1.1",
      "cacheable-request": "^6.1.0",
      "cheerio": "^1.0.0-rc.10",
      "clone-response": "^1.0.2",
      "concat-stream": "^1.6.2",
      "config-chain": "^1.1.13",
      "core-js": "^3.14.0",
      "core-util-is": "^1.0.2",
      "debug": "^4.3.1",
      "decompress-response": "^3.3.0",
      "defer-to-connect": "^1.1.3",
      "define-properties": "^1.1.3",
      "detect-node": "^2.1.0",
      "duplexer3": "^0.1.4",
      "encodeurl": "^1.0.2",
      "end-of-stream": "^1.4.4",
      "env-paths": "^2.2.1",
      "es6-error": "^4.1.1",
      "escape-string-regexp": "^4.0.0",
      "extract-zip": "^1.7.0",
      "fd-slicer": "^1.1.0",
      "fs-extra": "^8.1.0",
      "get-stream": "^5.2.0",
      "global-agent": "^2.2.0",
      "global-tunnel-ng": "^2.7.1",
      "globalthis": "^1.0.2",
      "got": "^9.6.0",
      "graceful-fs": "^4.2.6",
      "http-cache-semantics": "^4.1.0",
      "iconv-lite": "^0.6.3",
      "inherits": "^2.0.4",
      "ini": "^1.3.8",
      "isarray": "^1.0.0",
      "json-buffer": "^3.0.0",
      "json-stringify-safe": "^5.0.1",
      "jsonfile": "^4.0.0",
      "keyv": "^3.1.0",
      "lodash": "^4.17.21",
      "lowercase-keys": "^2.0.0",
      "lru-cache": "^6.0.0",
      "matcher": "^3.0.0",
      "mimic-response": "^1.0.1",
      "minimist": "^1.2.5",
      "mkdirp": "^0.5.5",
      "ms": "^2.1.2",
      "normalize-url": "^4.5.1",
      "npm-conf": "^1.1.3",
      "object-keys": "^1.1.1",
      "once": "^1.4.0",
      "p-cancelable": "^1.1.0",
      "pend": "^1.2.0",
      "pify": "^3.0.0",
      "prepend-http": "^2.0.0",
      "process-nextick-args": "^2.0.1",
      "progress": "^2.0.3",
      "proto-list": "^1.2.4",
      "pump": "^3.0.0",
      "readable-stream": "^2.3.7",
      "responselike": "^1.0.2",
      "roarr": "^2.15.4",
      "safe-buffer": "^5.1.2",
      "semver": "^7.3.5",
      "semver-compare": "^1.0.0",
      "serialize-error": "^7.0.1",
      "sprintf-js": "^1.1.2",
      "string_decoder": "^1.1.1",
      "sumchecker": "^3.0.1",
      "superagent": "^6.1.0",
      "to-readable-stream": "^1.0.0",
      "tunnel": "^0.0.6",
      "type-fest": "^0.13.1",
      "typedarray": "^0.0.6",
      "universalify": "^0.1.2",
      "url-parse-lax": "^3.0.0",
      "util-deprecate": "^1.0.2",
      "wrappy": "^1.0.2",
      "yallist": "^4.0.0",
      "yauzl": "^2.10.0"
    },
    "keywords": [],
    "description": ""
  }

yarn manifest: 
  No manifest

Lockfile: 
  No lockfile
